[debug] [2024-12-07T18:24:01.735Z] ----------------------------------------------------------------------
[debug] [2024-12-07T18:24:01.737Z] Command:       C:\Program Files\nodejs\node.exe C:\Users\agust\AppData\Roaming\npm\node_modules\firebase-tools\lib\bin\firebase.js init
[debug] [2024-12-07T18:24:01.738Z] CLI Version:   13.27.0
[debug] [2024-12-07T18:24:01.738Z] Platform:      win32
[debug] [2024-12-07T18:24:01.738Z] Node Version:  v22.11.0
[debug] [2024-12-07T18:24:01.738Z] Time:          Sat Dec 07 2024 15:24:01 GMT-0300 (hora estándar de Argentina)
[debug] [2024-12-07T18:24:01.738Z] ----------------------------------------------------------------------
[debug] 
[debug] [2024-12-07T18:24:01.740Z] >>> [apiv2][query] GET https://firebase-public.firebaseio.com/cli.json [none]
[debug] [2024-12-07T18:24:01.819Z] > command requires scopes: ["email","openid","https://www.googleapis.com/auth/cloudplatformprojects.readonly","https://www.googleapis.com/auth/firebase","https://www.googleapis.com/auth/cloud-platform"]
[debug] [2024-12-07T18:24:01.819Z] > authorizing via signed-in user (agusgioia@gmail.com)
[info] 
     ######## #### ########  ######## ########     ###     ######  ########
     ##        ##  ##     ## ##       ##     ##  ##   ##  ##       ##
     ######    ##  ########  ######   ########  #########  ######  ######
     ##        ##  ##    ##  ##       ##     ## ##     ##       ## ##
     ##       #### ##     ## ######## ########  ##     ##  ######  ########

You're about to initialize a Firebase project in this directory:

  C:\Users\agust\OneDrive\Desktop\repositorios\TrabajoFinal2024

Before we get started, keep in mind:

  * You are initializing within an existing Firebase project directory

[debug] [2024-12-07T18:24:02.204Z] <<< [apiv2][status] GET https://firebase-public.firebaseio.com/cli.json 200
[debug] [2024-12-07T18:24:02.205Z] <<< [apiv2][body] GET https://firebase-public.firebaseio.com/cli.json {"cloudBuildErrorAfter":1594252800000,"cloudBuildWarnAfter":1590019200000,"defaultNode10After":1594252800000,"minVersion":"3.0.5","node8DeploysDisabledAfter":1613390400000,"node8RuntimeDisabledAfter":1615809600000,"node8WarnAfter":1600128000000}
[info] 
=== Project Setup
[info] 
[info] First, let's associate this project directory with a Firebase project.
[info] You can create multiple project aliases by running firebase use --add, 
[info] but for now we'll just set up a default project.
[info] 
[debug] [2024-12-07T18:24:38.740Z] Using project from CLI flag: personalizatuviaje-5dbe6
[debug] [2024-12-07T18:24:38.741Z] Checked if tokens are valid: false, expires at: 1733110745343
[debug] [2024-12-07T18:24:38.741Z] Checked if tokens are valid: false, expires at: 1733110745343
[debug] [2024-12-07T18:24:38.741Z] > refreshing access token with scopes: []
[debug] [2024-12-07T18:24:38.742Z] >>> [apiv2][query] POST https://www.googleapis.com/oauth2/v3/token [none]
[debug] [2024-12-07T18:24:38.742Z] >>> [apiv2][body] POST https://www.googleapis.com/oauth2/v3/token [omitted]
[debug] [2024-12-07T18:24:39.080Z] <<< [apiv2][status] POST https://www.googleapis.com/oauth2/v3/token 200
[debug] [2024-12-07T18:24:39.080Z] <<< [apiv2][body] POST https://www.googleapis.com/oauth2/v3/token [omitted]
[debug] [2024-12-07T18:24:39.086Z] >>> [apiv2][query] GET https://firebase.googleapis.com/v1beta1/projects/personalizatuviaje-5dbe6 [none]
[debug] [2024-12-07T18:24:39.645Z] <<< [apiv2][status] GET https://firebase.googleapis.com/v1beta1/projects/personalizatuviaje-5dbe6 200
[debug] [2024-12-07T18:24:39.645Z] <<< [apiv2][body] GET https://firebase.googleapis.com/v1beta1/projects/personalizatuviaje-5dbe6 {"projectId":"personalizatuviaje-5dbe6","projectNumber":"513056040870","displayName":"personalizatuviaje","name":"projects/personalizatuviaje-5dbe6","resources":{"hostingSite":"personalizatuviaje-5dbe6"},"state":"ACTIVE","etag":"1_a975bb14-7f1c-4ed3-b88c-704e23dc4d97"}
[info] i  Using project personalizatuviaje-5dbe6 (personalizatuviaje) 
[info] 
=== Hosting Setup
[debug] [2024-12-07T18:24:39.651Z] Checked if tokens are valid: true, expires at: 1733599478080
[debug] [2024-12-07T18:24:39.651Z] Checked if tokens are valid: true, expires at: 1733599478080
[debug] [2024-12-07T18:24:39.651Z] >>> [apiv2][query] GET https://firebase.googleapis.com/v1beta1/projects/personalizatuviaje-5dbe6 [none]
[debug] [2024-12-07T18:24:40.106Z] <<< [apiv2][status] GET https://firebase.googleapis.com/v1beta1/projects/personalizatuviaje-5dbe6 200
[debug] [2024-12-07T18:24:40.107Z] <<< [apiv2][body] GET https://firebase.googleapis.com/v1beta1/projects/personalizatuviaje-5dbe6 {"projectId":"personalizatuviaje-5dbe6","projectNumber":"513056040870","displayName":"personalizatuviaje","name":"projects/personalizatuviaje-5dbe6","resources":{"hostingSite":"personalizatuviaje-5dbe6"},"state":"ACTIVE","etag":"1_a975bb14-7f1c-4ed3-b88c-704e23dc4d97"}
[info] 
[info] Your public directory is the folder (relative to your project directory) that
[info] will contain Hosting assets to be uploaded with firebase deploy. If you
[info] have a build process for your assets, use your build's output directory.
[info] 
[info] +  Wrote public/404.html 
[debug] [2024-12-07T18:24:54.029Z] >>> [apiv2][query] GET https://www.gstatic.com/firebasejs/releases.json [none]
[debug] [2024-12-07T18:24:54.212Z] <<< [apiv2][status] GET https://www.gstatic.com/firebasejs/releases.json 200
[debug] [2024-12-07T18:24:54.212Z] <<< [apiv2][body] GET https://www.gstatic.com/firebasejs/releases.json {"current":{"version":"11.0.2","browserURL":"https://www.gstatic.com/firebasejs/11.0.2/firebase.js","packageURL":"https://www.gstatic.com/firebasejs/11.0.2/firebase.tgz"},"live":{"version":"11.0","browserURL":"https://www.gstatic.com/firebasejs/live/11.0/firebase.js","packageURL":"https://www.gstatic.com/firebasejs/live/11.0/firebase.tgz"},"components":{"analytics":"https://www.gstatic.com/firebasejs/11.0.2/firebase-analytics.js","app":"https://www.gstatic.com/firebasejs/11.0.2/firebase-app.js","app-check":"https://www.gstatic.com/firebasejs/11.0.2/firebase-app-check.js","auth":"https://www.gstatic.com/firebasejs/11.0.2/firebase-auth.js","auth/cordova":"https://www.gstatic.com/firebasejs/11.0.2/firebase-auth/cordova.js","auth/web-extension":"https://www.gstatic.com/firebasejs/11.0.2/firebase-auth/web-extension.js","functions":"https://www.gstatic.com/firebasejs/11.0.2/firebase-functions.js","firestore":"https://www.gstatic.com/firebasejs/11.0.2/firebase-firestore.js","firestore/lite":"https://www.gstatic.com/firebasejs/11.0.2/firebase-firestore/lite.js","installations":"https://www.gstatic.com/firebasejs/11.0.2/firebase-installations.js","storage":"https://www.gstatic.com/firebasejs/11.0.2/firebase-storage.js","performance":"https://www.gstatic.com/firebasejs/11.0.2/firebase-performance.js","remote-config":"https://www.gstatic.com/firebasejs/11.0.2/firebase-remote-config.js","messaging":"https://www.gstatic.com/firebasejs/11.0.2/firebase-messaging.js","messaging/sw":"https://www.gstatic.com/firebasejs/11.0.2/firebase-messaging/sw.js","database":"https://www.gstatic.com/firebasejs/11.0.2/firebase-database.js","vertexai":"https://www.gstatic.com/firebasejs/11.0.2/firebase-vertexai.js","data-connect":"https://www.gstatic.com/firebasejs/11.0.2/firebase-data-connect.js","firestore.memory":"https://www.gstatic.com/firebasejs/11.0.2/firebase-firestore.memory.js"}}
[info] i  public/index.html is unchanged 
[info] 
[info] i  Detected a .git folder at C:\Users\agust\OneDrive\Desktop\repositorios\TrabajoFinal2024 
[info] i  Authorizing with GitHub to upload your service account to a GitHub repository's secrets store. 
[info] 
[info] Visit this URL on this device to log in:
[info] https://github.com/login/oauth/authorize?client_id=89cf50f02ac6aaed3484&state=476282732&redirect_uri=http%3A%2F%2Flocalhost%3A9005&scope=read%3Auser%20repo%20public_repo
[info] 
[info] Waiting for authentication...
[debug] [2024-12-07T18:25:03.340Z] >>> [apiv2][query] POST https://github.com/login/oauth/access_token [none]
[debug] [2024-12-07T18:25:03.340Z] >>> [apiv2][body] POST https://github.com/login/oauth/access_token [stream]
[debug] [2024-12-07T18:25:03.746Z] <<< [apiv2][status] POST https://github.com/login/oauth/access_token 200
[debug] [2024-12-07T18:25:03.746Z] <<< [apiv2][body] POST https://github.com/login/oauth/access_token {"access_token":"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","token_type":"bearer","scope":"read:user,repo"}
[debug] [2024-12-07T18:25:03.750Z] >>> [apiv2][query] GET https://api.github.com/user [none]
[debug] [2024-12-07T18:25:04.206Z] <<< [apiv2][status] GET https://api.github.com/user 200
[debug] [2024-12-07T18:25:04.206Z] <<< [apiv2][body] GET https://api.github.com/user {"login":"agusgioia","id":131310437,"node_id":"U_kgDOB9OjZQ","avatar_url":"https://avatars.githubusercontent.com/u/131310437?v=4","gravatar_id":"","url":"https://api.github.com/users/agusgioia","html_url":"https://github.com/agusgioia","followers_url":"https://api.github.com/users/agusgioia/followers","following_url":"https://api.github.com/users/agusgioia/following{/other_user}","gists_url":"https://api.github.com/users/agusgioia/gists{/gist_id}","starred_url":"https://api.github.com/users/agusgioia/starred{/owner}{/repo}","subscriptions_url":"https://api.github.com/users/agusgioia/subscriptions","organizations_url":"https://api.github.com/users/agusgioia/orgs","repos_url":"https://api.github.com/users/agusgioia/repos","events_url":"https://api.github.com/users/agusgioia/events{/privacy}","received_events_url":"https://api.github.com/users/agusgioia/received_events","type":"User","user_view_type":"private","site_admin":false,"name":"agusgioia","company":null,"blog":"","location":null,"email":null,"hireable":null,"bio":null,"twitter_username":null,"notification_email":null,"public_repos":4,"public_gists":0,"followers":0,"following":0,"created_at":"2023-04-19T21:56:08Z","updated_at":"2024-08-21T14:18:59Z","private_gists":0,"total_private_repos":2,"owned_private_repos":2,"disk_usage":11892,"collaborators":0,"two_factor_authentication":false,"plan":{"name":"free","space":976562499,"collaborators":0,"private_repos":10000}}
[info] 
[info] +  Success! Logged into GitHub as agusgioia 
[info] 
